#
# There is insufficient memory for the Java Runtime Environment to continue.
# Native memory allocation (malloc) failed to allocate 32744 bytes for ChunkPool::allocate
# Possible reasons:
#   The system is out of physical RAM or swap space
#   The process is running with CompressedOops enabled, and the Java Heap may be blocking the growth of the native heap
# Possible solutions:
#   Reduce memory load on the system
#   Increase physical memory or swap space
#   Check if swap backing store is full
#   Decrease Java heap size (-Xmx/-Xms)
#   Decrease number of Java threads
#   Decrease Java thread stack sizes (-Xss)
#   Set larger code cache with -XX:ReservedCodeCacheSize=
#   JVM is running with Unscaled Compressed Oops mode in which the Java heap is
#     placed in the first 4GB address space. The Java Heap base address is the
#     maximum limit for the native heap growth. Please use -XX:HeapBaseMinAddress
#     to set the Java Heap base and to place the Java Heap above 4GB virtual address.
# This output file may be truncated or incomplete.
#
#  Out of Memory Error (./src/hotspot/share/memory/arena.cpp:81), pid=9796, tid=9720
#
# JRE version: OpenJDK Runtime Environment (11.0.12+7) (build 11.0.12+7-b1504.28-7817840)
# Java VM: OpenJDK 64-Bit Server VM (11.0.12+7-b1504.28-7817840, mixed mode, tiered, compressed oops, g1 gc, windows-amd64)
# No core dump will be written. Minidumps are not enabled by default on client versions of Windows
#

---------------  S U M M A R Y ------------

Command Line: --add-opens=java.base/java.util=ALL-UNNAMED --add-opens=java.base/java.lang=ALL-UNNAMED --add-opens=java.base/java.lang.invoke=ALL-UNNAMED --add-opens=java.base/java.util=ALL-UNNAMED --add-opens=java.prefs/java.util.prefs=ALL-UNNAMED --add-opens=java.prefs/java.util.prefs=ALL-UNNAMED --add-opens=java.base/java.nio.charset=ALL-UNNAMED --add-opens=java.base/java.net=ALL-UNNAMED --add-opens=java.base/java.util.concurrent.atomic=ALL-UNNAMED -Xmx2048m -Dfile.encoding=UTF-8 -Duser.country=IN -Duser.language=en -Duser.variant org.gradle.launcher.daemon.bootstrap.GradleDaemon 7.3.3

Host: Intel(R) Core(TM) i5-8250U CPU @ 1.60GHz, 8 cores, 7G,  Windows 10 , 64 bit Build 19041 (10.0.19041.1889)
Time: Thu Sep  8 12:43:41 2022 India Standard Time elapsed time: 15.573218 seconds (0d 0h 0m 15s)

---------------  T H R E A D  ---------------

Current thread (0x00000164f8a0c000):  JavaThread "C2 CompilerThread0" daemon [_thread_in_native, id=9720, stack(0x0000003379600000,0x0000003379700000)]


Current CompileTask:
C2:  15573 5838       4       org.objectweb.asm.Frame::execute (2318 bytes)

Stack: [0x0000003379600000,0x0000003379700000]
Native frames: (J=compiled Java code, j=interpreted, Vv=VM code, C=native code)
V  [jvm.dll+0x5fbcea]
V  [jvm.dll+0x731905]
V  [jvm.dll+0x732f1d]
V  [jvm.dll+0x7335d3]
V  [jvm.dll+0x247bf8]
V  [jvm.dll+0xc041b]
V  [jvm.dll+0xc06cc]
V  [jvm.dll+0xc02cc]
V  [jvm.dll+0x6282e0]
V  [jvm.dll+0x62c3fe]
V  [jvm.dll+0x19d188]
V  [jvm.dll+0x20070e]
V  [jvm.dll+0x1ff794]
V  [jvm.dll+0x18868c]
V  [jvm.dll+0x20e0d7]
V  [jvm.dll+0x20c901]
V  [jvm.dll+0x6f9b7f]
V  [jvm.dll+0x6f26a5]
V  [jvm.dll+0x5fabf6]
C  [ucrtbase.dll+0x21bb2]
C  [KERNEL32.DLL+0x17034]
C  [ntdll.dll+0x526a1]


---------------  P R O C E S S  ---------------

Threads class SMR info:
_java_thread_list=0x00000164fcb1c4d0, length=124, elements={
0x00000164dc58d800, 0x00000164f89e4800, 0x00000164f89e5800, 0x00000164f89fd000,
0x00000164f89ff000, 0x00000164f8a01000, 0x00000164f8a0c000, 0x00000164f8a10800,
0x00000164f93c4000, 0x00000164f94e9800, 0x00000164fa263800, 0x00000164fb1b5800,
0x00000164fb460800, 0x00000164faefc800, 0x00000164fae37000, 0x00000164fa93a000,
0x00000164fad1d800, 0x00000164fa857800, 0x00000164faea5800, 0x00000164f9889000,
0x00000164f9888000, 0x00000164f9887800, 0x00000164f9889800, 0x00000164f988e000,
0x00000164f988a800, 0x00000164f988b800, 0x00000164f988c000, 0x00000164f988d000,
0x00000164fb89b800, 0x00000164fb895800, 0x00000164fb896800, 0x00000164fb897800,
0x00000164fb89c000, 0x00000164fd572800, 0x00000164fb89a000, 0x00000164fb899000,
0x00000164fb898000, 0x00000164fb8a0800, 0x00000164fb8a1000, 0x00000164fb8a2000,
0x00000164fb8a3000, 0x00000164fb89f800, 0x00000164fb8a3800, 0x00000164fb8a4800,
0x00000164fb89e800, 0x00000164fca0d000, 0x00000164fca0d800, 0x00000164fca0f800,
0x00000164fca10000, 0x00000164fca0e800, 0x00000164fca0a800, 0x00000164fca0b800,
0x00000164fca11000, 0x00000164fca12000, 0x00000164fca0c000, 0x00000164fca12800,
0x00000164fca13800, 0x00000164fca18800, 0x00000164fca15000, 0x00000164fca14800,
0x00000164fca16000, 0x00000164fca16800, 0x00000164fca17800, 0x00000164fca19000,
0x00000164fb65b800, 0x00000164fb659800, 0x00000164fb659000, 0x00000164fb65c000,
0x00000164fb65d800, 0x00000164fb65e800, 0x00000164fb65f800, 0x00000164fb660000,
0x00000164fb65d000, 0x00000164fb65a800, 0x00000164fb666000, 0x00000164fb663800,
0x00000164fb664000, 0x00000164fb661000, 0x00000164fb662800, 0x00000164fb662000,
0x00000164fb665000, 0x00000164fb666800, 0x00000164fb667800, 0x00000164fc645800,
0x00000164fc643800, 0x00000164fc642000, 0x00000164fc646000, 0x00000164fc647000,
0x00000164fc644800, 0x00000164fc643000, 0x00000164fc641800, 0x00000164fc648000,
0x00000164fb64a800, 0x00000164fb64d000, 0x00000164fb648000, 0x00000164fb64b800,
0x00000164fb64c000, 0x00000164fb64d800, 0x00000164fb64e800, 0x00000164fb649000,
0x00000164fb64f800, 0x00000164fb649800, 0x00000164fb653800, 0x00000164fb650000,
0x00000164fb651000, 0x00000164fb656800, 0x00000164fb652000, 0x00000164fb656000,
0x00000164fb652800, 0x00000164fb654000, 0x00000164fb655000, 0x00000164fa385800,
0x00000164fa388000, 0x00000164fa387000, 0x00000164fa382800, 0x00000164fa389000,
0x00000164fa383000, 0x00000164fa389800, 0x00000164fa384000, 0x00000164fa38a800,
0x00000164fa384800, 0x00000164fa38c000, 0x00000164fa38b800, 0x00000164fa386800
}

Java Threads: ( => current thread )
  0x00000164dc58d800 JavaThread "main" [_thread_blocked, id=1448, stack(0x0000003378a00000,0x0000003378b00000)]
  0x00000164f89e4800 JavaThread "Reference Handler" daemon [_thread_blocked, id=13588, stack(0x0000003379100000,0x0000003379200000)]
  0x00000164f89e5800 JavaThread "Finalizer" daemon [_thread_blocked, id=20928, stack(0x0000003379200000,0x0000003379300000)]
  0x00000164f89fd000 JavaThread "Signal Dispatcher" daemon [_thread_blocked, id=21144, stack(0x0000003379300000,0x0000003379400000)]
  0x00000164f89ff000 JavaThread "Attach Listener" daemon [_thread_blocked, id=12704, stack(0x0000003379400000,0x0000003379500000)]
  0x00000164f8a01000 JavaThread "Service Thread" daemon [_thread_blocked, id=11108, stack(0x0000003379500000,0x0000003379600000)]
=>0x00000164f8a0c000 JavaThread "C2 CompilerThread0" daemon [_thread_in_native, id=9720, stack(0x0000003379600000,0x0000003379700000)]
  0x00000164f8a10800 JavaThread "C1 CompilerThread0" daemon [_thread_blocked, id=12156, stack(0x0000003379700000,0x0000003379800000)]
  0x00000164f93c4000 JavaThread "Sweeper thread" daemon [_thread_blocked, id=21120, stack(0x0000003379800000,0x0000003379900000)]
  0x00000164f94e9800 JavaThread "Common-Cleaner" daemon [_thread_blocked, id=3084, stack(0x0000003379900000,0x0000003379a00000)]
  0x00000164fa263800 JavaThread "Daemon health stats" [_thread_blocked, id=11732, stack(0x0000003379b00000,0x0000003379c00000)]
  0x00000164fb1b5800 JavaThread "Incoming local TCP Connector on port 56364" [_thread_in_native, id=1596, stack(0x0000003379e00000,0x0000003379f00000)]
  0x00000164fb460800 JavaThread "Daemon periodic checks" [_thread_blocked, id=1116, stack(0x0000003379f00000,0x000000337a000000)]
  0x00000164faefc800 JavaThread "Daemon" [_thread_blocked, id=2340, stack(0x000000337a000000,0x000000337a100000)]
  0x00000164fae37000 JavaThread "Handler for socket connection from /127.0.0.1:56364 to /127.0.0.1:56365" [_thread_in_native, id=10292, stack(0x000000337a100000,0x000000337a200000)]
  0x00000164fa93a000 JavaThread "Cancel handler" [_thread_blocked, id=2088, stack(0x000000337a200000,0x000000337a300000)]
  0x00000164fad1d800 JavaThread "Daemon worker" [_thread_in_Java, id=6772, stack(0x000000337a300000,0x000000337a400000)]
  0x00000164fa857800 JavaThread "Asynchronous log dispatcher for DefaultDaemonConnection: socket connection from /127.0.0.1:56364 to /127.0.0.1:56365" [_thread_blocked, id=8500, stack(0x000000337a400000,0x000000337a500000)]
  0x00000164faea5800 JavaThread "Stdin handler" [_thread_blocked, id=7180, stack(0x000000337a500000,0x000000337a600000)]
  0x00000164f9889000 JavaThread "Daemon client event forwarder" [_thread_blocked, id=9188, stack(0x000000337a600000,0x000000337a700000)]
  0x00000164f9888000 JavaThread "Cache worker for journal cache (C:\Users\Saketh\StudioProjects\RecipeApp\caches\journal-1)" [_thread_blocked, id=20916, stack(0x000000337ad00000,0x000000337ae00000)]
  0x00000164f9887800 JavaThread "File lock request listener" [_thread_in_native, id=1420, stack(0x000000337ae00000,0x000000337af00000)]
  0x00000164f9889800 JavaThread "Cache worker for file hash cache (C:\Users\Saketh\StudioProjects\RecipeApp\caches\7.3.3\fileHashes)" [_thread_blocked, id=20896, stack(0x000000337af00000,0x000000337b000000)]
  0x00000164f988e000 JavaThread "File lock release action executor" [_thread_blocked, id=868, stack(0x000000337b100000,0x000000337b200000)]
  0x00000164f988a800 JavaThread "Cache worker for file hash cache (C:\Users\Saketh\StudioProjects\Currency-Converter\.gradle\7.3.3\fileHashes)" [_thread_blocked, id=3536, stack(0x000000337b200000,0x000000337b300000)]
  0x00000164f988b800 JavaThread "File watcher server" daemon [_thread_in_native, id=13880, stack(0x000000337b300000,0x000000337b400000)]
  0x00000164f988c000 JavaThread "File watcher consumer" daemon [_thread_blocked, id=5252, stack(0x000000337b400000,0x000000337b500000)]
  0x00000164f988d000 JavaThread "Cache worker for checksums cache (C:\Users\Saketh\StudioProjects\Currency-Converter\.gradle\7.3.3\checksums)" [_thread_blocked, id=21356, stack(0x000000337b500000,0x000000337b600000)]
  0x00000164fb89b800 JavaThread "Cache worker for cache directory md-supplier (C:\Users\Saketh\StudioProjects\RecipeApp\caches\7.3.3\md-supplier)" [_thread_blocked, id=21320, stack(0x000000337b600000,0x000000337b700000)]
  0x00000164fb895800 JavaThread "Cache worker for cache directory md-rule (C:\Users\Saketh\StudioProjects\RecipeApp\caches\7.3.3\md-rule)" [_thread_blocked, id=1772, stack(0x000000337b700000,0x000000337b800000)]
  0x00000164fb896800 JavaThread "Cache worker for execution history cache (C:\Users\Saketh\StudioProjects\RecipeApp\caches\7.3.3\executionHistory)" [_thread_blocked, id=21300, stack(0x000000337b800000,0x000000337b900000)]
  0x00000164fb897800 JavaThread "jar transforms" [_thread_blocked, id=21292, stack(0x000000337b900000,0x000000337ba00000)]
  0x00000164fb89c000 JavaThread "jar transforms Thread 2" [_thread_blocked, id=10692, stack(0x000000337a700000,0x000000337a800000)]
  0x00000164fd572800 JavaThread "C2 CompilerThread1" daemon [_thread_in_native, id=20900, stack(0x000000337ba00000,0x000000337bb00000)]
  0x00000164fb89a000 JavaThread "Cache worker for file content cache (C:\Users\Saketh\StudioProjects\RecipeApp\caches\7.3.3\fileContent)" [_thread_blocked, id=428, stack(0x000000337bb00000,0x000000337bc00000)]
  0x00000164fb899000 JavaThread "jar transforms Thread 3" [_thread_blocked, id=4312, stack(0x000000337bc00000,0x000000337bd00000)]
  0x00000164fb898000 JavaThread "jar transforms Thread 4" [_thread_blocked, id=6172, stack(0x000000337bd00000,0x000000337be00000)]
  0x00000164fb8a0800 JavaThread "jar transforms Thread 5" [_thread_blocked, id=13620, stack(0x000000337be00000,0x000000337bf00000)]
  0x00000164fb8a1000 JavaThread "jar transforms Thread 6" [_thread_blocked, id=8376, stack(0x000000337bf00000,0x000000337c000000)]
  0x00000164fb8a2000 JavaThread "Cache worker for dependencies-accessors (C:\Users\Saketh\StudioProjects\Currency-Converter\.gradle\7.3.3\dependencies-accessors)" [_thread_blocked, id=5324, stack(0x000000337c000000,0x000000337c100000)]
  0x00000164fb8a3000 JavaThread "jar transforms Thread 7" [_thread_blocked, id=1364, stack(0x000000337c100000,0x000000337c200000)]
  0x00000164fb89f800 JavaThread "Cache worker for Build Output Cleanup Cache (C:\Users\Saketh\StudioProjects\Currency-Converter\.gradle\buildOutputCleanup)" [_thread_blocked, id=14220, stack(0x000000337c200000,0x000000337c300000)]
  0x00000164fb8a3800 JavaThread "Unconstrained build operations" [_thread_blocked, id=21116, stack(0x000000337c300000,0x000000337c400000)]
  0x00000164fb8a4800 JavaThread "Unconstrained build operations Thread 2" [_thread_blocked, id=8108, stack(0x000000337c400000,0x000000337c500000)]
  0x00000164fb89e800 JavaThread "Unconstrained build operations Thread 3" [_thread_blocked, id=20932, stack(0x000000337c500000,0x000000337c600000)]
  0x00000164fca0d000 JavaThread "Unconstrained build operations Thread 4" [_thread_blocked, id=13568, stack(0x000000337c600000,0x000000337c700000)]
  0x00000164fca0d800 JavaThread "Unconstrained build operations Thread 5" [_thread_blocked, id=7536, stack(0x000000337c700000,0x000000337c800000)]
  0x00000164fca0f800 JavaThread "Unconstrained build operations Thread 6" [_thread_blocked, id=8096, stack(0x000000337c800000,0x000000337c900000)]
  0x00000164fca10000 JavaThread "Unconstrained build operations Thread 7" [_thread_blocked, id=8272, stack(0x000000337c900000,0x000000337ca00000)]
  0x00000164fca0e800 JavaThread "Unconstrained build operations Thread 8" [_thread_blocked, id=8796, stack(0x000000337ca00000,0x000000337cb00000)]
  0x00000164fca0a800 JavaThread "Unconstrained build operations Thread 9" [_thread_blocked, id=6716, stack(0x000000337cb00000,0x000000337cc00000)]
  0x00000164fca0b800 JavaThread "Unconstrained build operations Thread 10" [_thread_blocked, id=21096, stack(0x000000337cc00000,0x000000337cd00000)]
  0x00000164fca11000 JavaThread "Unconstrained build operations Thread 11" [_thread_blocked, id=7892, stack(0x000000337cd00000,0x000000337ce00000)]
  0x00000164fca12000 JavaThread "Unconstrained build operations Thread 12" [_thread_blocked, id=8644, stack(0x000000337ce00000,0x000000337cf00000)]
  0x00000164fca0c000 JavaThread "Unconstrained build operations Thread 13" [_thread_blocked, id=8528, stack(0x000000337cf00000,0x000000337d000000)]
  0x00000164fca12800 JavaThread "Unconstrained build operations Thread 14" [_thread_blocked, id=980, stack(0x000000337d000000,0x000000337d100000)]
  0x00000164fca13800 JavaThread "Unconstrained build operations Thread 15" [_thread_blocked, id=13728, stack(0x000000337d100000,0x000000337d200000)]
  0x00000164fca18800 JavaThread "Unconstrained build operations Thread 16" [_thread_blocked, id=572, stack(0x000000337d200000,0x000000337d300000)]
  0x00000164fca15000 JavaThread "Unconstrained build operations Thread 17" [_thread_blocked, id=3956, stack(0x000000337d300000,0x000000337d400000)]
  0x00000164fca14800 JavaThread "Unconstrained build operations Thread 18" [_thread_blocked, id=11020, stack(0x000000337d400000,0x000000337d500000)]
  0x00000164fca16000 JavaThread "Unconstrained build operations Thread 19" [_thread_blocked, id=12532, stack(0x000000337d500000,0x000000337d600000)]
  0x00000164fca16800 JavaThread "Unconstrained build operations Thread 20" [_thread_blocked, id=8428, stack(0x000000337d600000,0x000000337d700000)]
  0x00000164fca17800 JavaThread "Unconstrained build operations Thread 21" [_thread_blocked, id=6432, stack(0x000000337d700000,0x000000337d800000)]
  0x00000164fca19000 JavaThread "Unconstrained build operations Thread 22" [_thread_blocked, id=12332, stack(0x000000337d800000,0x000000337d900000)]
  0x00000164fb65b800 JavaThread "Unconstrained build operations Thread 23" [_thread_blocked, id=12512, stack(0x000000337d900000,0x000000337da00000)]
  0x00000164fb659800 JavaThread "Unconstrained build operations Thread 24" [_thread_blocked, id=12776, stack(0x000000337da00000,0x000000337db00000)]
  0x00000164fb659000 JavaThread "Unconstrained build operations Thread 25" [_thread_blocked, id=12792, stack(0x000000337db00000,0x000000337dc00000)]
  0x00000164fb65c000 JavaThread "Unconstrained build operations Thread 26" [_thread_blocked, id=12804, stack(0x000000337dc00000,0x000000337dd00000)]
  0x00000164fb65d800 JavaThread "Unconstrained build operations Thread 27" [_thread_blocked, id=8776, stack(0x000000337dd00000,0x000000337de00000)]
  0x00000164fb65e800 JavaThread "Unconstrained build operations Thread 28" [_thread_blocked, id=6628, stack(0x000000337de00000,0x000000337df00000)]
  0x00000164fb65f800 JavaThread "Unconstrained build operations Thread 29" [_thread_blocked, id=420, stack(0x000000337df00000,0x000000337e000000)]
  0x00000164fb660000 JavaThread "Unconstrained build operations Thread 30" [_thread_blocked, id=11048, stack(0x000000337e000000,0x000000337e100000)]
  0x00000164fb65d000 JavaThread "Unconstrained build operations Thread 31" [_thread_blocked, id=7772, stack(0x000000337e100000,0x000000337e200000)]
  0x00000164fb65a800 JavaThread "Unconstrained build operations Thread 32" [_thread_blocked, id=9000, stack(0x000000337e200000,0x000000337e300000)]
  0x00000164fb666000 JavaThread "Unconstrained build operations Thread 33" [_thread_blocked, id=13188, stack(0x000000337e300000,0x000000337e400000)]
  0x00000164fb663800 JavaThread "Unconstrained build operations Thread 34" [_thread_blocked, id=13208, stack(0x000000337e400000,0x000000337e500000)]
  0x00000164fb664000 JavaThread "Unconstrained build operations Thread 35" [_thread_blocked, id=11544, stack(0x000000337e500000,0x000000337e600000)]
  0x00000164fb661000 JavaThread "Unconstrained build operations Thread 36" [_thread_blocked, id=13412, stack(0x000000337e600000,0x000000337e700000)]
  0x00000164fb662800 JavaThread "Unconstrained build operations Thread 37" [_thread_blocked, id=12788, stack(0x000000337e700000,0x000000337e800000)]
  0x00000164fb662000 JavaThread "Unconstrained build operations Thread 38" [_thread_blocked, id=7476, stack(0x000000337e800000,0x000000337e900000)]
  0x00000164fb665000 JavaThread "Unconstrained build operations Thread 39" [_thread_blocked, id=3612, stack(0x000000337e900000,0x000000337ea00000)]
  0x00000164fb666800 JavaThread "Unconstrained build operations Thread 40" [_thread_blocked, id=4332, stack(0x000000337ea00000,0x000000337eb00000)]
  0x00000164fb667800 JavaThread "Unconstrained build operations Thread 41" [_thread_blocked, id=2988, stack(0x000000337eb00000,0x000000337ec00000)]
  0x00000164fc645800 JavaThread "Unconstrained build operations Thread 42" [_thread_blocked, id=4116, stack(0x000000337ec00000,0x000000337ed00000)]
  0x00000164fc643800 JavaThread "Unconstrained build operations Thread 43" [_thread_blocked, id=3920, stack(0x000000337ed00000,0x000000337ee00000)]
  0x00000164fc642000 JavaThread "Unconstrained build operations Thread 44" [_thread_blocked, id=5980, stack(0x000000337ee00000,0x000000337ef00000)]
  0x00000164fc646000 JavaThread "Unconstrained build operations Thread 45" [_thread_blocked, id=4384, stack(0x000000337ef00000,0x000000337f000000)]
  0x00000164fc647000 JavaThread "Unconstrained build operations Thread 46" [_thread_blocked, id=5612, stack(0x000000337f000000,0x000000337f100000)]
  0x00000164fc644800 JavaThread "Unconstrained build operations Thread 47" [_thread_blocked, id=8920, stack(0x000000337f100000,0x000000337f200000)]
  0x00000164fc643000 JavaThread "Unconstrained build operations Thread 48" [_thread_blocked, id=1544, stack(0x000000337f200000,0x000000337f300000)]
  0x00000164fc641800 JavaThread "Unconstrained build operations Thread 49" [_thread_blocked, id=3572, stack(0x000000337f300000,0x000000337f400000)]
  0x00000164fc648000 JavaThread "Unconstrained build operations Thread 50" [_thread_blocked, id=1944, stack(0x000000337f400000,0x000000337f500000)]
  0x00000164fb64a800 JavaThread "Unconstrained build operations Thread 51" [_thread_blocked, id=1692, stack(0x000000337f500000,0x000000337f600000)]
  0x00000164fb64d000 JavaThread "Unconstrained build operations Thread 52" [_thread_blocked, id=12612, stack(0x000000337f600000,0x000000337f700000)]
  0x00000164fb648000 JavaThread "Unconstrained build operations Thread 53" [_thread_blocked, id=1848, stack(0x000000337f700000,0x000000337f800000)]
  0x00000164fb64b800 JavaThread "Unconstrained build operations Thread 54" [_thread_blocked, id=21008, stack(0x000000337f800000,0x000000337f900000)]
  0x00000164fb64c000 JavaThread "Unconstrained build operations Thread 55" [_thread_blocked, id=21100, stack(0x000000337f900000,0x000000337fa00000)]
  0x00000164fb64d800 JavaThread "Unconstrained build operations Thread 56" [_thread_blocked, id=4424, stack(0x000000337fa00000,0x000000337fb00000)]
  0x00000164fb64e800 JavaThread "Unconstrained build operations Thread 57" [_thread_blocked, id=2928, stack(0x000000337fb00000,0x000000337fc00000)]
  0x00000164fb649000 JavaThread "Unconstrained build operations Thread 58" [_thread_blocked, id=3512, stack(0x000000337fc00000,0x000000337fd00000)]
  0x00000164fb64f800 JavaThread "Unconstrained build operations Thread 59" [_thread_blocked, id=11496, stack(0x000000337fd00000,0x000000337fe00000)]
  0x00000164fb649800 JavaThread "Unconstrained build operations Thread 60" [_thread_blocked, id=8212, stack(0x000000337fe00000,0x000000337ff00000)]
  0x00000164fb653800 JavaThread "Unconstrained build operations Thread 61" [_thread_blocked, id=11560, stack(0x000000337ff00000,0x0000003380000000)]
  0x00000164fb650000 JavaThread "Unconstrained build operations Thread 62" [_thread_blocked, id=21480, stack(0x0000003300000000,0x0000003300100000)]
  0x00000164fb651000 JavaThread "Unconstrained build operations Thread 63" [_thread_blocked, id=21476, stack(0x0000003300100000,0x0000003300200000)]
  0x00000164fb656800 JavaThread "Unconstrained build operations Thread 64" [_thread_blocked, id=10924, stack(0x0000003300200000,0x0000003300300000)]
  0x00000164fb652000 JavaThread "Unconstrained build operations Thread 65" [_thread_blocked, id=1948, stack(0x0000003300300000,0x0000003300400000)]
  0x00000164fb656000 JavaThread "Unconstrained build operations Thread 66" [_thread_blocked, id=13076, stack(0x0000003300400000,0x0000003300500000)]
  0x00000164fb652800 JavaThread "Unconstrained build operations Thread 67" [_thread_blocked, id=11236, stack(0x0000003300500000,0x0000003300600000)]
  0x00000164fb654000 JavaThread "Unconstrained build operations Thread 68" [_thread_blocked, id=13764, stack(0x0000003300600000,0x0000003300700000)]
  0x00000164fb655000 JavaThread "Unconstrained build operations Thread 69" [_thread_blocked, id=10228, stack(0x0000003300700000,0x0000003300800000)]
  0x00000164fa385800 JavaThread "Unconstrained build operations Thread 70" [_thread_blocked, id=8592, stack(0x0000003300800000,0x0000003300900000)]
  0x00000164fa388000 JavaThread "Unconstrained build operations Thread 71" [_thread_blocked, id=21036, stack(0x0000003300900000,0x0000003300a00000)]
  0x00000164fa387000 JavaThread "Unconstrained build operations Thread 72" [_thread_blocked, id=1836, stack(0x0000003300a00000,0x0000003300b00000)]
  0x00000164fa382800 JavaThread "Unconstrained build operations Thread 73" [_thread_blocked, id=21316, stack(0x0000003300b00000,0x0000003300c00000)]
  0x00000164fa389000 JavaThread "Unconstrained build operations Thread 74" [_thread_blocked, id=21452, stack(0x0000003300c00000,0x0000003300d00000)]
  0x00000164fa383000 JavaThread "Unconstrained build operations Thread 75" [_thread_blocked, id=11884, stack(0x0000003300d00000,0x0000003300e00000)]
  0x00000164fa389800 JavaThread "Unconstrained build operations Thread 76" [_thread_blocked, id=21508, stack(0x0000003300e00000,0x0000003300f00000)]
  0x00000164fa384000 JavaThread "Unconstrained build operations Thread 77" [_thread_blocked, id=21512, stack(0x0000003300f00000,0x0000003301000000)]
  0x00000164fa38a800 JavaThread "Unconstrained build operations Thread 78" [_thread_blocked, id=21516, stack(0x0000003301000000,0x0000003301100000)]
  0x00000164fa384800 JavaThread "Unconstrained build operations Thread 79" [_thread_blocked, id=21520, stack(0x0000003301100000,0x0000003301200000)]
  0x00000164fa38c000 JavaThread "Unconstrained build operations Thread 80" [_thread_blocked, id=21524, stack(0x0000003301200000,0x0000003301300000)]
  0x00000164fa38b800 JavaThread "jar transforms Thread 8" [_thread_blocked, id=21528, stack(0x0000003301300000,0x0000003301400000)]
  0x00000164fa386800 JavaThread "Memory manager" [_thread_blocked, id=21552, stack(0x0000003301400000,0x0000003301500000)]

Other Threads:
  0x00000164f89e0000 VMThread "VM Thread" [stack: 0x0000003379000000,0x0000003379100000] [id=20856]
  0x00000164f9555000 WatcherThread [stack: 0x0000003379a00000,0x0000003379b00000] [id=13268]
  0x00000164dc5a7000 GCTaskThread "GC Thread#0" [stack: 0x0000003378b00000,0x0000003378c00000] [id=6748]
  0x00000164fa419800 GCTaskThread "GC Thread#1" [stack: 0x0000003379c00000,0x0000003379d00000] [id=13472]
  0x00000164f9e8d000 GCTaskThread "GC Thread#2" [stack: 0x0000003379d00000,0x0000003379e00000] [id=4804]
  0x00000164fadee800 GCTaskThread "GC Thread#3" [stack: 0x000000337a800000,0x000000337a900000] [id=14272]
  0x00000164fa913800 GCTaskThread "GC Thread#4" [stack: 0x000000337a900000,0x000000337aa00000] [id=20924]
  0x00000164fbd84000 GCTaskThread "GC Thread#5" [stack: 0x000000337aa00000,0x000000337ab00000] [id=8432]
  0x00000164f9886000 GCTaskThread "GC Thread#6" [stack: 0x000000337ab00000,0x000000337ac00000] [id=9788]
  0x00000164fc0c3000 GCTaskThread "GC Thread#7" [stack: 0x000000337ac00000,0x000000337ad00000] [id=21264]
  0x00000164dc5d7800 ConcurrentGCThread "G1 Main Marker" [stack: 0x0000003378c00000,0x0000003378d00000] [id=21212]
  0x00000164dc5d9000 ConcurrentGCThread "G1 Conc#0" [stack: 0x0000003378d00000,0x0000003378e00000] [id=21400]
  0x00000164f978d000 ConcurrentGCThread "G1 Conc#1" [stack: 0x000000337b000000,0x000000337b100000] [id=13288]
  0x00000164f8830800 ConcurrentGCThread "G1 Refine#0" [stack: 0x0000003378e00000,0x0000003378f00000] [id=8144]
  0x00000164f8831800 ConcurrentGCThread "G1 Young RemSet Sampling" [stack: 0x0000003378f00000,0x0000003379000000] [id=11488]

Threads with active compile tasks:
C2 CompilerThread0  15617 5838       4       org.objectweb.asm.Frame::execute (2318 bytes)
C2 CompilerThread1  15617 5843   !   4       com.google.common.reflect.TypeVisitor::visit (244 bytes)

VM state:not at safepoint (normal execution)

VM Mutex/Monitor currently owned by a thread: None

Heap address: 0x0000000080000000, size: 2048 MB, Compressed Oops mode: 32-bit
Narrow klass base: 0x0000000000000000, Narrow klass shift: 3
Compressed class space size: 1073741824 Address: 0x0000000100000000

Heap:
 garbage-first heap   total 131072K, used 73630K [0x0000000080000000, 0x0000000100000000)
  region size 1024K, 31 young (31744K), 3 survivors (3072K)
 Metaspace       used 60536K, capacity 62058K, committed 62336K, reserved 1107968K
  class space    used 7718K, capacity 8269K, committed 8320K, reserved 1048576K
Heap Regions: E=young(eden), S=young(survivor), O=old, HS=humongous(starts), HC=humongous(continues), CS=collection set, F=free, A=archive, TAMS=top-at-mark-start (previous, next)
|   0|0x0000000080000000, 0x0000000080100000, 0x0000000080100000|100%| O|  |TAMS 0x0000000080100000, 0x0000000080000000| Untracked 
|   1|0x0000000080100000, 0x0000000080200000, 0x0000000080200000|100%| O|  |TAMS 0x0000000080200000, 0x0000000080100000| Untracked 
|   2|0x0000000080200000, 0x0000000080300000, 0x0000000080300000|100%| O|  |TAMS 0x0000000080300000, 0x0000000080200000| Untracked 
|   3|0x0000000080300000, 0x0000000080400000, 0x0000000080400000|100%|HS|  |TAMS 0x0000000080400000, 0x0000000080300000| Complete 
|   4|0x0000000080400000, 0x0000000080500000, 0x0000000080500000|100%|HC|  |TAMS 0x0000000080500000, 0x0000000080400000| Complete 
|   5|0x0000000080500000, 0x0000000080600000, 0x0000000080600000|100%|HC|  |TAMS 0x0000000080600000, 0x0000000080500000| Complete 
|   6|0x0000000080600000, 0x0000000080700000, 0x0000000080700000|100%| O|  |TAMS 0x0000000080700000, 0x0000000080600000| Untracked 
|   7|0x0000000080700000, 0x0000000080800000, 0x0000000080800000|100%| O|  |TAMS 0x0000000080800000, 0x0000000080700000| Untracked 
|   8|0x0000000080800000, 0x0000000080900000, 0x0000000080900000|100%| O|  |TAMS 0x0000000080900000, 0x0000000080800000| Untracked 
|   9|0x0000000080900000, 0x0000000080a00000, 0x0000000080a00000|100%| O|  |TAMS 0x0000000080a00000, 0x0000000080900000| Untracked 
|  10|0x0000000080a00000, 0x0000000080b00000, 0x0000000080b00000|100%| O|  |TAMS 0x0000000080b00000, 0x0000000080a00000| Untracked 
|  11|0x0000000080b00000, 0x0000000080c00000, 0x0000000080c00000|100%| O|  |TAMS 0x0000000080c00000, 0x0000000080b00000| Untracked 
|  12|0x0000000080c00000, 0x0000000080d00000, 0x0000000080d00000|100%| O|  |TAMS 0x0000000080d00000, 0x0000000080c00000| Untracked 
|  13|0x0000000080d00000, 0x0000000080e00000, 0x0000000080e00000|100%| O|  |TAMS 0x0000000080e00000, 0x0000000080d00000| Untracked 
|  14|0x0000000080e00000, 0x0000000080f00000, 0x0000000080f00000|100%| O|  |TAMS 0x0000000080f00000, 0x0000000080e00000| Untracked 
|  15|0x0000000080f00000, 0x0000000081000000, 0x0000000081000000|100%| O|  |TAMS 0x0000000081000000, 0x0000000080f00000| Untracked 
|  16|0x0000000081000000, 0x0000000081100000, 0x0000000081100000|100%| O|  |TAMS 0x0000000081100000, 0x0000000081000000| Untracked 
|  17|0x0000000081100000, 0x0000000081200000, 0x0000000081200000|100%|HS|  |TAMS 0x0000000081100000, 0x0000000081100000| Complete 
|  18|0x0000000081200000, 0x0000000081300000, 0x0000000081300000|100%| O|  |TAMS 0x0000000081200000, 0x0000000081200000| Untracked 
|  19|0x0000000081300000, 0x0000000081400000, 0x0000000081400000|100%| O|  |TAMS 0x0000000081300000, 0x0000000081300000| Untracked 
|  20|0x0000000081400000, 0x0000000081500000, 0x0000000081500000|100%| O|  |TAMS 0x0000000081500000, 0x0000000081400000| Untracked 
|  21|0x0000000081500000, 0x0000000081600000, 0x0000000081600000|100%| O|  |TAMS 0x0000000081589600, 0x0000000081500000| Untracked 
|  22|0x0000000081600000, 0x0000000081700000, 0x0000000081700000|100%| O|  |TAMS 0x0000000081600000, 0x0000000081600000| Untracked 
|  23|0x0000000081700000, 0x0000000081800000, 0x0000000081800000|100%| O|  |TAMS 0x0000000081700000, 0x0000000081700000| Untracked 
|  24|0x0000000081800000, 0x0000000081900000, 0x0000000081900000|100%| O|  |TAMS 0x0000000081800000, 0x0000000081800000| Untracked 
|  25|0x0000000081900000, 0x0000000081a00000, 0x0000000081a00000|100%| O|  |TAMS 0x0000000081900000, 0x0000000081900000| Untracked 
|  26|0x0000000081a00000, 0x0000000081b00000, 0x0000000081b00000|100%| O|  |TAMS 0x0000000081a00000, 0x0000000081a00000| Untracked 
|  27|0x0000000081b00000, 0x0000000081c00000, 0x0000000081c00000|100%| O|  |TAMS 0x0000000081b00000, 0x0000000081b00000| Untracked 
|  28|0x0000000081c00000, 0x0000000081d00000, 0x0000000081d00000|100%| O|  |TAMS 0x0000000081c00000, 0x0000000081c00000| Untracked 
|  29|0x0000000081d00000, 0x0000000081e00000, 0x0000000081e00000|100%| O|  |TAMS 0x0000000081d00000, 0x0000000081d00000| Untracked 
|  30|0x0000000081e00000, 0x0000000081f00000, 0x0000000081f00000|100%|HS|  |TAMS 0x0000000081e00000, 0x0000000081e00000| Complete 
|  31|0x0000000081f00000, 0x0000000082000000, 0x0000000082000000|100%|HS|  |TAMS 0x0000000081f00000, 0x0000000081f00000| Complete 
|  32|0x0000000082000000, 0x0000000082100000, 0x0000000082100000|100%|HC|  |TAMS 0x0000000082000000, 0x0000000082000000| Complete 
|  33|0x0000000082100000, 0x0000000082200000, 0x0000000082200000|100%| O|  |TAMS 0x0000000082100000, 0x0000000082100000| Untracked 
|  34|0x0000000082200000, 0x0000000082300000, 0x0000000082300000|100%| O|  |TAMS 0x0000000082200000, 0x0000000082200000| Untracked 
|  35|0x0000000082300000, 0x0000000082400000, 0x0000000082400000|100%| O|  |TAMS 0x0000000082300000, 0x0000000082300000| Untracked 
|  36|0x0000000082400000, 0x0000000082500000, 0x0000000082500000|100%| O|  |TAMS 0x0000000082400000, 0x0000000082400000| Untracked 
|  37|0x0000000082500000, 0x0000000082600000, 0x0000000082600000|100%| O|  |TAMS 0x0000000082500000, 0x0000000082500000| Untracked 
|  38|0x0000000082600000, 0x0000000082700000, 0x0000000082700000|100%| O|  |TAMS 0x0000000082600000, 0x0000000082600000| Untracked 
|  39|0x0000000082700000, 0x0000000082800000, 0x0000000082800000|100%| O|  |TAMS 0x0000000082700000, 0x0000000082700000| Untracked 
|  40|0x0000000082800000, 0x0000000082900000, 0x0000000082900000|100%| O|  |TAMS 0x0000000082800000, 0x0000000082800000| Untracked 
|  41|0x0000000082900000, 0x0000000082a00000, 0x0000000082a00000|100%| O|  |TAMS 0x0000000082900000, 0x0000000082900000| Untracked 
|  42|0x0000000082a00000, 0x0000000082b00000, 0x0000000082b00000|100%| O|  |TAMS 0x0000000082a00000, 0x0000000082a00000| Untracked 
|  43|0x0000000082b00000, 0x0000000082bcb400, 0x0000000082c00000| 79%| O|  |TAMS 0x0000000082b00000, 0x0000000082b00000| Untracked 
|  44|0x0000000082c00000, 0x0000000082c00000, 0x0000000082d00000|  0%| F|  |TAMS 0x0000000082c00000, 0x0000000082c00000| Untracked 
|  45|0x0000000082d00000, 0x0000000082d00000, 0x0000000082e00000|  0%| F|  |TAMS 0x0000000082d00000, 0x0000000082d00000| Untracked 
|  46|0x0000000082e00000, 0x0000000082e00000, 0x0000000082f00000|  0%| F|  |TAMS 0x0000000082e00000, 0x0000000082e00000| Untracked 
|  47|0x0000000082f00000, 0x0000000082f00000, 0x0000000083000000|  0%| F|  |TAMS 0x0000000082f00000, 0x0000000082f00000| Untracked 
|  48|0x0000000083000000, 0x0000000083000000, 0x0000000083100000|  0%| F|  |TAMS 0x0000000083000000, 0x0000000083000000| Untracked 
|  49|0x0000000083100000, 0x0000000083100000, 0x0000000083200000|  0%| F|  |TAMS 0x0000000083100000, 0x0000000083100000| Untracked 
|  50|0x0000000083200000, 0x0000000083200000, 0x0000000083300000|  0%| F|  |TAMS 0x0000000083200000, 0x0000000083200000| Untracked 
|  51|0x0000000083300000, 0x0000000083300000, 0x0000000083400000|  0%| F|  |TAMS 0x0000000083300000, 0x0000000083300000| Untracked 
|  52|0x0000000083400000, 0x0000000083400000, 0x0000000083500000|  0%| F|  |TAMS 0x0000000083400000, 0x0000000083400000| Untracked 
|  53|0x0000000083500000, 0x0000000083500000, 0x0000000083600000|  0%| F|  |TAMS 0x0000000083500000, 0x0000000083500000| Untracked 
|  54|0x0000000083600000, 0x0000000083600000, 0x0000000083700000|  0%| F|  |TAMS 0x0000000083600000, 0x0000000083600000| Untracked 
|  55|0x0000000083700000, 0x0000000083700000, 0x0000000083800000|  0%| F|  |TAMS 0x0000000083700000, 0x0000000083700000| Untracked 
|  56|0x0000000083800000, 0x0000000083800000, 0x0000000083900000|  0%| F|  |TAMS 0x0000000083800000, 0x0000000083800000| Untracked 
|  57|0x0000000083900000, 0x0000000083900000, 0x0000000083a00000|  0%| F|  |TAMS 0x0000000083900000, 0x0000000083900000| Untracked 
|  58|0x0000000083a00000, 0x0000000083a00000, 0x0000000083b00000|  0%| F|  |TAMS 0x0000000083a00000, 0x0000000083a00000| Untracked 
|  59|0x0000000083b00000, 0x0000000083b00000, 0x0000000083c00000|  0%| F|  |TAMS 0x0000000083b00000, 0x0000000083b00000| Untracked 
|  60|0x0000000083c00000, 0x0000000083c00000, 0x0000000083d00000|  0%| F|  |TAMS 0x0000000083c00000, 0x0000000083c00000| Untracked 
|  61|0x0000000083d00000, 0x0000000083d00000, 0x0000000083e00000|  0%| F|  |TAMS 0x0000000083d00000, 0x0000000083d00000| Untracked 
|  62|0x0000000083e00000, 0x0000000083e00000, 0x0000000083f00000|  0%| F|  |TAMS 0x0000000083e00000, 0x0000000083e00000| Untracked 
|  63|0x0000000083f00000, 0x0000000083f00000, 0x0000000084000000|  0%| F|  |TAMS 0x0000000083f00000, 0x0000000083f00000| Untracked 
|  64|0x0000000084000000, 0x0000000084000000, 0x0000000084100000|  0%| F|  |TAMS 0x0000000084000000, 0x0000000084000000| Untracked 
|  65|0x0000000084100000, 0x0000000084100000, 0x0000000084200000|  0%| F|  |TAMS 0x0000000084100000, 0x0000000084100000| Untracked 
|  66|0x0000000084200000, 0x0000000084200000, 0x0000000084300000|  0%| F|  |TAMS 0x0000000084200000, 0x0000000084200000| Untracked 
|  67|0x0000000084300000, 0x0000000084300000, 0x0000000084400000|  0%| F|  |TAMS 0x0000000084300000, 0x0000000084300000| Untracked 
|  68|0x0000000084400000, 0x0000000084400000, 0x0000000084500000|  0%| F|  |TAMS 0x0000000084400000, 0x0000000084400000| Untracked 
|  69|0x0000000084500000, 0x0000000084500000, 0x0000000084600000|  0%| F|  |TAMS 0x0000000084500000, 0x0000000084500000| Untracked 
|  70|0x0000000084600000, 0x0000000084600000, 0x0000000084700000|  0%| F|  |TAMS 0x0000000084600000, 0x0000000084600000| Untracked 
|  71|0x0000000084700000, 0x0000000084700000, 0x0000000084800000|  0%| F|  |TAMS 0x0000000084700000, 0x0000000084700000| Untracked 
|  72|0x0000000084800000, 0x000000008481c570, 0x0000000084900000| 11%| S|CS|TAMS 0x0000000084800000, 0x0000000084800000| Complete 
|  73|0x0000000084900000, 0x0000000084a00000, 0x0000000084a00000|100%| S|CS|TAMS 0x0000000084900000, 0x0000000084900000| Complete 
|  74|0x0000000084a00000, 0x0000000084b00000, 0x0000000084b00000|100%| S|CS|TAMS 0x0000000084a00000, 0x0000000084a00000| Complete 
|  75|0x0000000084b00000, 0x0000000084b00000, 0x0000000084c00000|  0%| F|  |TAMS 0x0000000084b00000, 0x0000000084b00000| Untracked 
|  76|0x0000000084c00000, 0x0000000084c00000, 0x0000000084d00000|  0%| F|  |TAMS 0x0000000084c00000, 0x0000000084c00000| Untracked 
|  77|0x0000000084d00000, 0x0000000084d00000, 0x0000000084e00000|  0%| F|  |TAMS 0x0000000084d00000, 0x0000000084d00000| Untracked 
|  78|0x0000000084e00000, 0x0000000084e00000, 0x0000000084f00000|  0%| F|  |TAMS 0x0000000084e00000, 0x0000000084e00000| Untracked 
|  79|0x0000000084f00000, 0x0000000084f00000, 0x0000000085000000|  0%| F|  |TAMS 0x0000000084f00000, 0x0000000084f00000| Untracked 
|  80|0x0000000085000000, 0x0000000085000000, 0x0000000085100000|  0%| F|  |TAMS 0x0000000085000000, 0x0000000085000000| Untracked 
|  81|0x0000000085100000, 0x0000000085100000, 0x0000000085200000|  0%| F|  |TAMS 0x0000000085100000, 0x0000000085100000| Untracked 
|  82|0x0000000085200000, 0x0000000085200000, 0x0000000085300000|  0%| F|  |TAMS 0x0000000085200000, 0x0000000085200000| Untracked 
|  83|0x0000000085300000, 0x0000000085300000, 0x0000000085400000|  0%| F|  |TAMS 0x0000000085300000, 0x0000000085300000| Untracked 
|  84|0x0000000085400000, 0x0000000085400000, 0x0000000085500000|  0%| F|  |TAMS 0x0000000085400000, 0x0000000085400000| Untracked 
|  85|0x0000000085500000, 0x0000000085500000, 0x0000000085600000|  0%| F|  |TAMS 0x0000000085500000, 0x0000000085500000| Untracked 
|  86|0x0000000085600000, 0x0000000085600000, 0x0000000085700000|  0%| F|  |TAMS 0x0000000085600000, 0x0000000085600000| Untracked 
|  87|0x0000000085700000, 0x0000000085700000, 0x0000000085800000|  0%| F|  |TAMS 0x0000000085700000, 0x0000000085700000| Untracked 
|  88|0x0000000085800000, 0x0000000085800000, 0x0000000085900000|  0%| F|  |TAMS 0x0000000085800000, 0x0000000085800000| Untracked 
|  89|0x0000000085900000, 0x0000000085900000, 0x0000000085a00000|  0%| F|  |TAMS 0x0000000085900000, 0x0000000085900000| Untracked 
|  90|0x0000000085a00000, 0x0000000085a00000, 0x0000000085b00000|  0%| F|  |TAMS 0x0000000085a00000, 0x0000000085a00000| Untracked 
|  91|0x0000000085b00000, 0x0000000085b00000, 0x0000000085c00000|  0%| F|  |TAMS 0x0000000085b00000, 0x0000000085b00000| Untracked 
|  92|0x0000000085c00000, 0x0000000085c00000, 0x0000000085d00000|  0%| F|  |TAMS 0x0000000085c00000, 0x0000000085c00000| Untracked 
|  93|0x0000000085d00000, 0x0000000085d00000, 0x0000000085e00000|  0%| F|  |TAMS 0x0000000085d00000, 0x0000000085d00000| Untracked 
|  94|0x0000000085e00000, 0x0000000085e00000, 0x0000000085f00000|  0%| F|  |TAMS 0x0000000085e00000, 0x0000000085e00000| Untracked 
|  95|0x0000000085f00000, 0x0000000085f00000, 0x0000000086000000|  0%| F|  |TAMS 0x0000000085f00000, 0x0000000085f00000| Untracked 
|  96|0x0000000086000000, 0x0000000086000000, 0x0000000086100000|  0%| F|  |TAMS 0x0000000086000000, 0x0000000086000000| Untracked 
|  97|0x0000000086100000, 0x0000000086100000, 0x0000000086200000|  0%| F|  |TAMS 0x0000000086100000, 0x0000000086100000| Untracked 
|  98|0x0000000086200000, 0x0000000086200000, 0x0000000086300000|  0%| F|  |TAMS 0x0000000086200000, 0x0000000086200000| Untracked 
|  99|0x0000000086300000, 0x0000000086300000, 0x0000000086400000|  0%| F|  |TAMS 0x0000000086300000, 0x0000000086300000| Untracked 
| 100|0x0000000086400000, 0x0000000086500000, 0x0000000086500000|100%| E|  |TAMS 0x0000000086400000, 0x0000000086400000| Complete 
| 101|0x0000000086500000, 0x0000000086600000, 0x0000000086600000|100%| E|CS|TAMS 0x0000000086500000, 0x0000000086500000| Complete 
| 102|0x0000000086600000, 0x0000000086700000, 0x0000000086700000|100%| E|CS|TAMS 0x0000000086600000, 0x0000000086600000| Complete 
| 103|0x0000000086700000, 0x0000000086800000, 0x0000000086800000|100%| E|  |TAMS 0x0000000086700000, 0x0000000086700000| Complete 
| 104|0x0000000086800000, 0x0000000086900000, 0x0000000086900000|100%| E|CS|TAMS 0x0000000086800000, 0x0000000086800000| Complete 
| 105|0x0000000086900000, 0x0000000086a00000, 0x0000000086a00000|100%| E|CS|TAMS 0x0000000086900000, 0x0000000086900000| Complete 
| 106|0x0000000086a00000, 0x0000000086b00000, 0x0000000086b00000|100%| E|CS|TAMS 0x0000000086a00000, 0x0000000086a00000| Complete 
| 107|0x0000000086b00000, 0x0000000086c00000, 0x0000000086c00000|100%| E|CS|TAMS 0x0000000086b00000, 0x0000000086b00000| Complete 
| 108|0x0000000086c00000, 0x0000000086d00000, 0x0000000086d00000|100%| E|CS|TAMS 0x0000000086c00000, 0x0000000086c00000| Complete 
| 109|0x0000000086d00000, 0x0000000086e00000, 0x0000000086e00000|100%| E|CS|TAMS 0x0000000086d00000, 0x0000000086d00000| Complete 
| 110|0x0000000086e00000, 0x0000000086f00000, 0x0000000086f00000|100%| E|CS|TAMS 0x0000000086e00000, 0x0000000086e00000| Complete 
| 111|0x0000000086f00000, 0x0000000087000000, 0x0000000087000000|100%| E|CS|TAMS 0x0000000086f00000, 0x0000000086f00000| Complete 
| 112|0x0000000087000000, 0x0000000087100000, 0x0000000087100000|100%| E|CS|TAMS 0x0000000087000000, 0x0000000087000000| Complete 
| 113|0x0000000087100000, 0x0000000087200000, 0x0000000087200000|100%| E|CS|TAMS 0x0000000087100000, 0x0000000087100000| Complete 
| 114|0x0000000087200000, 0x0000000087300000, 0x0000000087300000|100%| E|CS|TAMS 0x0000000087200000, 0x0000000087200000| Complete 
| 115|0x0000000087300000, 0x0000000087400000, 0x0000000087400000|100%| E|CS|TAMS 0x0000000087300000, 0x0000000087300000| Complete 
| 116|0x0000000087400000, 0x0000000087500000, 0x0000000087500000|100%| E|CS|TAMS 0x0000000087400000, 0x0000000087400000| Complete 
| 117|0x0000000087500000, 0x0000000087600000, 0x0000000087600000|100%| E|CS|TAMS 0x0000000087500000, 0x0000000087500000| Complete 
| 118|0x0000000087600000, 0x0000000087700000, 0x0000000087700000|100%| E|CS|TAMS 0x0000000087600000, 0x0000000087600000| Complete 
| 119|0x0000000087700000, 0x0000000087800000, 0x0000000087800000|100%| E|CS|TAMS 0x0000000087700000, 0x0000000087700000| Complete 
| 120|0x0000000087800000, 0x0000000087900000, 0x0000000087900000|100%| E|CS|TAMS 0x0000000087800000, 0x0000000087800000| Complete 
| 121|0x0000000087900000, 0x0000000087a00000, 0x0000000087a00000|100%| E|CS|TAMS 0x0000000087900000, 0x0000000087900000| Complete 
| 122|0x0000000087a00000, 0x0000000087b00000, 0x0000000087b00000|100%| E|CS|TAMS 0x0000000087a00000, 0x0000000087a00000| Complete 
| 123|0x0000000087b00000, 0x0000000087c00000, 0x0000000087c00000|100%| E|CS|TAMS 0x0000000087b00000, 0x0000000087b00000| Complete 
| 124|0x0000000087c00000, 0x0000000087d00000, 0x0000000087d00000|100%| E|CS|TAMS 0x0000000087c00000, 0x0000000087c00000| Complete 
| 125|0x0000000087d00000, 0x0000000087e00000, 0x0000000087e00000|100%| E|CS|TAMS 0x0000000087d00000, 0x0000000087d00000| Complete 
| 126|0x0000000087e00000, 0x0000000087f00000, 0x0000000087f00000|100%| E|CS|TAMS 0x0000000087e00000, 0x0000000087e00000| Complete 
| 127|0x0000000087f00000, 0x0000000088000000, 0x0000000088000000|100%| E|CS|TAMS 0x0000000087f00000, 0x0000000087f00000| Complete 

Card table byte_map: [0x00000164f1700000,0x00000164f1b00000] _byte_map_base: 0x00000164f1300000

Marking Bits (Prev, Next): (CMBitMap*) 0x00000164dc5ce990, (CMBitMap*) 0x00000164dc5ce958
 Prev Bits: [0x00000164f3f00000, 0x00000164f5f00000)
 Next Bits: [0x00000164f1f00000, 0x00000164f3f00000)

Polling page: 0x00000164dc670000

Metaspace:

Usage:
  Non-class:     52.53 MB capacity,    51.58 MB ( 98%) used,   813.16 KB (  2%) free+waste,   158.38 KB ( <1%) overhead. 
      Class:      8.08 MB capacity,     7.54 MB ( 93%) used,   475.36 KB (  6%) free+waste,    75.06 KB ( <1%) overhead. 
       Both:     60.60 MB capacity,    59.12 MB ( 98%) used,     1.26 MB (  2%) free+waste,   233.44 KB ( <1%) overhead. 

Virtual space:
  Non-class space:       58.00 MB reserved,      52.75 MB ( 91%) committed 
      Class space:        1.00 GB reserved,       8.13 MB ( <1%) committed 
             Both:        1.06 GB reserved,      60.88 MB (  6%) committed 

Chunk freelists:
   Non-Class:  35.00 KB
       Class:  19.00 KB
        Both:  54.00 KB

MaxMetaspaceSize: 17179869184.00 GB
CompressedClassSpaceSize: 1.00 GB
Initial GC threshold: 20.80 MB
Current GC threshold: 68.34 MB
CDS: off

CodeHeap 'non-profiled nmethods': size=120000Kb used=3296Kb max_used=3296Kb free=116704Kb
 bounds [0x00000164e9340000, 0x00000164e9680000, 0x00000164f0870000]
CodeHeap 'profiled nmethods': size=120000Kb used=12527Kb max_used=12527Kb free=107472Kb
 bounds [0x00000164e1e10000, 0x00000164e2a50000, 0x00000164e9340000]
CodeHeap 'non-nmethods': size=5760Kb used=2333Kb max_used=2366Kb free=3426Kb
 bounds [0x00000164e1870000, 0x00000164e1ae0000, 0x00000164e1e10000]
 total_blobs=6870 nmethods=6034 adapters=748
 compilation: enabled
              stopped_count=0, restarted_count=0
 full_count=0

Compilation events (20 events):
Event: 15.561 Thread 0x00000164f8a10800 nmethod 5998 0x00000164e2a2ce10 code [0x00000164e2a2d320, 0x00000164e2a2f558]
Event: 15.561 Thread 0x00000164f8a10800 6002       2       sun.security.util.DerValue::isPrintableStringChar (184 bytes)
Event: 15.561 Thread 0x00000164f8a10800 nmethod 6002 0x00000164e2a30110 code [0x00000164e2a302c0, 0x00000164e2a30458]
Event: 15.561 Thread 0x00000164f8a10800 6003  s    2       java.io.ByteArrayInputStream::reset (9 bytes)
Event: 15.561 Thread 0x00000164f8a10800 nmethod 6003 0x00000164e2a30510 code [0x00000164e2a306c0, 0x00000164e2a30918]
Event: 15.563 Thread 0x00000164f8a10800 6004       2       sun.security.provider.ByteArrayAccess::b2iBig64 (614 bytes)
Event: 15.564 Thread 0x00000164f8a10800 nmethod 6004 0x00000164e2a30990 code [0x00000164e2a30b80, 0x00000164e2a312e8]
Event: 15.564 Thread 0x00000164f8a10800 6005       2       sun.security.provider.SHA::implCompress (13 bytes)
Event: 15.564 Thread 0x00000164f8a10800 nmethod 6005 0x00000164e2a31590 code [0x00000164e2a31760, 0x00000164e2a31968]
Event: 15.564 Thread 0x00000164f8a10800 6006       2       sun.security.provider.SHA::implCompressCheck (15 bytes)
Event: 15.564 Thread 0x00000164f8a10800 nmethod 6006 0x00000164e2a31a90 code [0x00000164e2a31c60, 0x00000164e2a31e38]
Event: 15.565 Thread 0x00000164f8a10800 6008       2       java.math.BigInteger::bitLengthForInt (8 bytes)
Event: 15.565 Thread 0x00000164f8a10800 nmethod 6008 0x00000164e2a31f10 code [0x00000164e2a320c0, 0x00000164e2a321c8]
Event: 15.567 Thread 0x00000164f8a10800 6009       2       java.math.BigInteger::montReduce (99 bytes)
Event: 15.568 Thread 0x00000164f8a10800 nmethod 6009 0x00000164e2a32290 code [0x00000164e2a324a0, 0x00000164e2a32898]
Event: 15.568 Thread 0x00000164f8a10800 6010       2       java.math.BigInteger::primitiveLeftShift (79 bytes)
Event: 15.568 Thread 0x00000164f8a10800 nmethod 6010 0x00000164e2a32b10 code [0x00000164e2a32cc0, 0x00000164e2a32ed8]
Event: 15.568 Thread 0x00000164f8a10800 6011       2       java.math.BigInteger::implSquareToLen (154 bytes)
Event: 15.569 Thread 0x00000164f8a10800 nmethod 6011 0x00000164e2a33090 code [0x00000164e2a332a0, 0x00000164e2a336d8]
Event: 15.570 Thread 0x00000164f8a10800 6012       2       java.math.BigInteger::intArrayCmpToLen (55 bytes)

GC Heap History (20 events):
Event: 2.162 GC heap before
{Heap before GC invocations=0 (full 0):
 garbage-first heap   total 131072K, used 29696K [0x0000000080000000, 0x0000000100000000)
  region size 1024K, 24 young (24576K), 0 survivors (0K)
 Metaspace       used 10181K, capacity 10333K, committed 10624K, reserved 1058816K
  class space    used 1064K, capacity 1108K, committed 1152K, reserved 1048576K
}
Event: 2.176 GC heap after
{Heap after GC invocations=1 (full 0):
 garbage-first heap   total 131072K, used 9664K [0x0000000080000000, 0x0000000100000000)
  region size 1024K, 3 young (3072K), 3 survivors (3072K)
 Metaspace       used 10181K, capacity 10333K, committed 10624K, reserved 1058816K
  class space    used 1064K, capacity 1108K, committed 1152K, reserved 1048576K
}
Event: 3.715 GC heap before
{Heap before GC invocations=1 (full 0):
 garbage-first heap   total 131072K, used 32192K [0x0000000080000000, 0x0000000100000000)
  region size 1024K, 25 young (25600K), 3 survivors (3072K)
 Metaspace       used 11187K, capacity 11386K, committed 11520K, reserved 1058816K
  class space    used 1173K, capacity 1246K, committed 1280K, reserved 1048576K
}
Event: 3.723 GC heap after
{Heap after GC invocations=2 (full 0):
 garbage-first heap   total 131072K, used 10135K [0x0000000080000000, 0x0000000100000000)
  region size 1024K, 1 young (1024K), 1 survivors (1024K)
 Metaspace       used 11187K, capacity 11386K, committed 11520K, reserved 1058816K
  class space    used 1173K, capacity 1246K, committed 1280K, reserved 1048576K
}
Event: 7.547 GC heap before
{Heap before GC invocations=2 (full 0):
 garbage-first heap   total 131072K, used 60311K [0x0000000080000000, 0x0000000100000000)
  region size 1024K, 50 young (51200K), 1 survivors (1024K)
 Metaspace       used 17389K, capacity 17721K, committed 17792K, reserved 1064960K
  class space    used 2039K, capacity 2147K, committed 2176K, reserved 1048576K
}
Event: 7.557 GC heap after
{Heap after GC invocations=3 (full 0):
 garbage-first heap   total 131072K, used 16371K [0x0000000080000000, 0x0000000100000000)
  region size 1024K, 7 young (7168K), 7 survivors (7168K)
 Metaspace       used 17389K, capacity 17721K, committed 17792K, reserved 1064960K
  class space    used 2039K, capacity 2147K, committed 2176K, reserved 1048576K
}
Event: 8.286 GC heap before
{Heap before GC invocations=3 (full 0):
 garbage-first heap   total 131072K, used 48115K [0x0000000080000000, 0x0000000100000000)
  region size 1024K, 39 young (39936K), 7 survivors (7168K)
 Metaspace       used 20748K, capacity 21141K, committed 21248K, reserved 1067008K
  class space    used 2552K, capacity 2712K, committed 2816K, reserved 1048576K
}
Event: 8.300 GC heap after
{Heap after GC invocations=4 (full 0):
 garbage-first heap   total 131072K, used 18077K [0x0000000080000000, 0x0000000100000000)
  region size 1024K, 2 young (2048K), 2 survivors (2048K)
 Metaspace       used 20748K, capacity 21141K, committed 21248K, reserved 1067008K
  class space    used 2552K, capacity 2712K, committed 2816K, reserved 1048576K
}
Event: 9.472 GC heap before
{Heap before GC invocations=5 (full 0):
 garbage-first heap   total 131072K, used 73373K [0x0000000080000000, 0x0000000100000000)
  region size 1024K, 56 young (57344K), 2 survivors (2048K)
 Metaspace       used 26656K, capacity 27272K, committed 27520K, reserved 1073152K
  class space    used 3479K, capacity 3702K, committed 3712K, reserved 1048576K
}
Event: 9.478 GC heap after
{Heap after GC invocations=6 (full 0):
 garbage-first heap   total 131072K, used 20046K [0x0000000080000000, 0x0000000100000000)
  region size 1024K, 4 young (4096K), 4 survivors (4096K)
 Metaspace       used 26656K, capacity 27272K, committed 27520K, reserved 1073152K
  class space    used 3479K, capacity 3702K, committed 3712K, reserved 1048576K
}
Event: 11.115 GC heap before
{Heap before GC invocations=6 (full 0):
 garbage-first heap   total 131072K, used 81486K [0x0000000080000000, 0x0000000100000000)
  region size 1024K, 65 young (66560K), 4 survivors (4096K)
 Metaspace       used 34854K, capacity 35710K, committed 35840K, reserved 1081344K
  class space    used 4550K, capacity 4899K, committed 4992K, reserved 1048576K
}
Event: 11.130 GC heap after
{Heap after GC invocations=7 (full 0):
 garbage-first heap   total 131072K, used 23151K [0x0000000080000000, 0x0000000100000000)
  region size 1024K, 7 young (7168K), 7 survivors (7168K)
 Metaspace       used 34854K, capacity 35710K, committed 35840K, reserved 1081344K
  class space    used 4550K, capacity 4899K, committed 4992K, reserved 1048576K
}
Event: 12.340 GC heap before
{Heap before GC invocations=8 (full 0):
 garbage-first heap   total 131072K, used 95855K [0x0000000080000000, 0x0000000100000000)
  region size 1024K, 76 young (77824K), 7 survivors (7168K)
 Metaspace       used 40748K, capacity 41753K, committed 41984K, reserved 1085440K
  class space    used 5201K, capacity 5559K, committed 5632K, reserved 1048576K
}
Event: 12.360 GC heap after
{Heap after GC invocations=9 (full 0):
 garbage-first heap   total 131072K, used 29221K [0x0000000080000000, 0x0000000100000000)
  region size 1024K, 10 young (10240K), 10 survivors (10240K)
 Metaspace       used 40748K, capacity 41753K, committed 41984K, reserved 1085440K
  class space    used 5201K, capacity 5559K, committed 5632K, reserved 1048576K
}
Event: 13.473 GC heap before
{Heap before GC invocations=10 (full 0):
 garbage-first heap   total 131072K, used 96805K [0x0000000080000000, 0x0000000100000000)
  region size 1024K, 75 young (76800K), 10 survivors (10240K)
 Metaspace       used 46510K, capacity 47607K, committed 47744K, reserved 1091584K
  class space    used 5994K, capacity 6403K, committed 6528K, reserved 1048576K
}
Event: 13.486 GC heap after
{Heap after GC invocations=11 (full 0):
 garbage-first heap   total 131072K, used 32041K [0x0000000080000000, 0x0000000100000000)
  region size 1024K, 3 young (3072K), 3 survivors (3072K)
 Metaspace       used 46510K, capacity 47607K, committed 47744K, reserved 1091584K
  class space    used 5994K, capacity 6403K, committed 6528K, reserved 1048576K
}
Event: 14.363 GC heap before
{Heap before GC invocations=11 (full 0):
 garbage-first heap   total 131072K, used 101673K [0x0000000080000000, 0x0000000100000000)
  region size 1024K, 68 young (69632K), 3 survivors (3072K)
 Metaspace       used 49368K, capacity 50627K, committed 50944K, reserved 1093632K
  class space    used 6343K, capacity 6830K, committed 6912K, reserved 1048576K
}
Event: 14.369 GC heap after
{Heap after GC invocations=12 (full 0):
 garbage-first heap   total 131072K, used 44606K [0x0000000080000000, 0x0000000100000000)
  region size 1024K, 9 young (9216K), 9 survivors (9216K)
 Metaspace       used 49368K, capacity 50627K, committed 50944K, reserved 1093632K
  class space    used 6343K, capacity 6830K, committed 6912K, reserved 1048576K
}
Event: 15.261 GC heap before
{Heap before GC invocations=12 (full 0):
 garbage-first heap   total 131072K, used 98878K [0x0000000080000000, 0x0000000100000000)
  region size 1024K, 62 young (63488K), 9 survivors (9216K)
 Metaspace       used 57097K, capacity 58510K, committed 58752K, reserved 1099776K
  class space    used 7278K, capacity 7788K, committed 7808K, reserved 1048576K
}
Event: 15.270 GC heap after
{Heap after GC invocations=13 (full 0):
 garbage-first heap   total 131072K, used 47006K [0x0000000080000000, 0x0000000100000000)
  region size 1024K, 3 young (3072K), 3 survivors (3072K)
 Metaspace       used 57097K, capacity 58510K, committed 58752K, reserved 1099776K
  class space    used 7278K, capacity 7788K, committed 7808K, reserved 1048576K
}

Deoptimization events (20 events):
Event: 15.531 Thread 0x00000164fad1d800 Uncommon trap: trap_request=0xffffffc6 fr.pc=0x00000164e94fbcac relative=0x00000000000005ac
Event: 15.531 Thread 0x00000164fad1d800 Uncommon trap: reason=bimorphic_or_optimized_type_check action=maybe_recompile pc=0x00000164e94fbcac method=java.util.regex.Pattern$Start.match(Ljava/util/regex/Matcher;ILjava/lang/CharSequence;)Z @ 44 c2
Event: 15.531 Thread 0x00000164fad1d800 DEOPT PACKING pc=0x00000164e94fbcac sp=0x000000337a3f23e0
Event: 15.531 Thread 0x00000164fad1d800 DEOPT UNPACKING pc=0x00000164e18ba1af sp=0x000000337a3f23c0 mode 2
Event: 15.546 Thread 0x00000164fad1d800 Uncommon trap: trap_request=0xffffff4d fr.pc=0x00000164e94c2368 relative=0x00000000000001c8
Event: 15.546 Thread 0x00000164fad1d800 Uncommon trap: reason=unstable_if action=reinterpret pc=0x00000164e94c2368 method=java.util.Arrays.hashCode([B)I @ 1 c2
Event: 15.546 Thread 0x00000164fad1d800 DEOPT PACKING pc=0x00000164e94c2368 sp=0x000000337a3f41f0
Event: 15.546 Thread 0x00000164fad1d800 DEOPT UNPACKING pc=0x00000164e18ba1af sp=0x000000337a3f4168 mode 2
Event: 15.546 Thread 0x00000164fad1d800 Uncommon trap: trap_request=0xffffff4d fr.pc=0x00000164e95336c8 relative=0x0000000000000488
Event: 15.546 Thread 0x00000164fad1d800 Uncommon trap: reason=unstable_if action=reinterpret pc=0x00000164e95336c8 method=java.lang.StringLatin1.regionMatchesCI([BI[BII)Z @ 66 c2
Event: 15.546 Thread 0x00000164fad1d800 DEOPT PACKING pc=0x00000164e95336c8 sp=0x000000337a3f4200
Event: 15.546 Thread 0x00000164fad1d800 DEOPT UNPACKING pc=0x00000164e18ba1af sp=0x000000337a3f4078 mode 2
Event: 15.547 Thread 0x00000164fad1d800 Uncommon trap: trap_request=0xffffff4d fr.pc=0x00000164e93ffe20 relative=0x0000000000000080
Event: 15.547 Thread 0x00000164fad1d800 Uncommon trap: reason=unstable_if action=reinterpret pc=0x00000164e93ffe20 method=java.lang.CharacterDataLatin1.isWhitespace(I)Z @ 14 c2
Event: 15.547 Thread 0x00000164fad1d800 DEOPT PACKING pc=0x00000164e93ffe20 sp=0x000000337a3f3f10
Event: 15.547 Thread 0x00000164fad1d800 DEOPT UNPACKING pc=0x00000164e18ba1af sp=0x000000337a3f3e80 mode 2
Event: 15.554 Thread 0x00000164fad1d800 Uncommon trap: trap_request=0xffffff4d fr.pc=0x00000164e935af68 relative=0x00000000000003a8
Event: 15.554 Thread 0x00000164fad1d800 Uncommon trap: reason=unstable_if action=reinterpret pc=0x00000164e935af68 method=java.lang.StringUTF16.compress([CII)[B @ 13 c2
Event: 15.554 Thread 0x00000164fad1d800 DEOPT PACKING pc=0x00000164e935af68 sp=0x000000337a3f2620
Event: 15.554 Thread 0x00000164fad1d800 DEOPT UNPACKING pc=0x00000164e18ba1af sp=0x000000337a3f2560 mode 2

Classes redefined (0 events):
No events

Internal exceptions (20 events):
Event: 14.274 Thread 0x00000164fad1d800 Exception <a 'java/lang/ClassNotFoundException'{0x000000008456c430}: org/gradle/api/internal/AbstractTaskCustomizer> (0x000000008456c430) thrown at [./src/hotspot/share/classfile/systemDictionary.cpp, line 231]
Event: 14.278 Thread 0x00000164fad1d800 Exception <a 'java/lang/ClassNotFoundException'{0x00000000845e1990}: org/gradle/api/DefaultTaskCustomizer> (0x00000000845e1990) thrown at [./src/hotspot/share/classfile/systemDictionary.cpp, line 231]
Event: 14.282 Thread 0x00000164fad1d800 Exception <a 'java/lang/ClassNotFoundException'{0x0000000084464378}: org/gradle/api/internal/ConventionTaskCustomizer> (0x0000000084464378) thrown at [./src/hotspot/share/classfile/systemDictionary.cpp, line 231]
Event: 14.284 Thread 0x00000164fad1d800 Exception <a 'java/lang/ClassNotFoundException'{0x000000008449dbb0}: org/gradle/api/tasks/DeleteCustomizer> (0x000000008449dbb0) thrown at [./src/hotspot/share/classfile/systemDictionary.cpp, line 231]
Event: 14.285 Thread 0x00000164fad1d800 Exception <a 'java/lang/ClassNotFoundException'{0x00000000844ddaf8}: org/gradle/api/tasks/Delete_DecoratedCustomizer> (0x00000000844ddaf8) thrown at [./src/hotspot/share/classfile/systemDictionary.cpp, line 231]
Event: 14.312 Thread 0x00000164fad1d800 Exception <a 'java/lang/ClassNotFoundException'{0x00000000842270d0}: build_cpr8as1yv04byckomzema4xd0BeanInfo> (0x00000000842270d0) thrown at [./src/hotspot/share/classfile/systemDictionary.cpp, line 231]
Event: 14.312 Thread 0x00000164fad1d800 Exception <a 'java/lang/ClassNotFoundException'{0x0000000084232088}: build_cpr8as1yv04byckomzema4xd0Customizer> (0x0000000084232088) thrown at [./src/hotspot/share/classfile/systemDictionary.cpp, line 231]
Event: 14.332 Thread 0x00000164fad1d800 Exception <a 'java/lang/ClassNotFoundException'{0x00000000841bc838}: org/gradle/api/internal/plugins/DefaultObjectConfigurationActionBeanInfo> (0x00000000841bc838) thrown at [./src/hotspot/share/classfile/systemDictionary.cpp, line 231]
Event: 14.333 Thread 0x00000164fad1d800 Exception <a 'java/lang/ClassNotFoundException'{0x00000000841f1c60}: org/gradle/api/internal/plugins/DefaultObjectConfigurationActionCustomizer> (0x00000000841f1c60) thrown at [./src/hotspot/share/classfile/systemDictionary.cpp, line 231]
Event: 14.514 Thread 0x00000164fad1d800 Exception <a 'java/lang/NoSuchMethodError'{0x000000008774aa58}: 'java.lang.Object java.lang.invoke.DirectMethodHandle$Holder.invokeStatic(java.lang.Object, java.lang.Object, java.lang.Object, java.lang.Object, int)'> (0x000000008774aa58) thrown at [./src/hotspot/share/interpreter/linkResolver.cpp, line 773]
Event: 14.514 Thread 0x00000164fad1d800 Exception <a 'java/lang/NoSuchMethodError'{0x000000008774f450}: 'java.lang.Object java.lang.invoke.DirectMethodHandle$Holder.invokeSpecial(java.lang.Object, java.lang.Object, java.lang.Object, java.lang.Object, java.lang.Object, int)'> (0x000000008774f450) thrown at [./src/hotspot/share/interpreter/linkResolver.cpp, line 773]
Event: 14.515 Thread 0x00000164fad1d800 Exception <a 'java/lang/NoSuchMethodError'{0x0000000087753a90}: 'java.lang.Object java.lang.invoke.Invokers$Holder.linkToTargetMethod(java.lang.Object, java.lang.Object, java.lang.Object, int, java.lang.Object)'> (0x0000000087753a90) thrown at [./src/hotspot/share/interpreter/linkResolver.cpp, line 773]
Event: 14.815 Thread 0x00000164fad1d800 Exception <a 'java/lang/NoSuchMethodError'{0x000000008684f680}: 'java.lang.Object java.lang.invoke.DirectMethodHandle$Holder.invokeSpecial(java.lang.Object, java.lang.Object, int, int, java.lang.Object, java.lang.Object, java.lang.Object)'> (0x000000008684f680) thrown at [./src/hotspot/share/interpreter/linkResolver.cpp, line 773]
Event: 14.815 Thread 0x00000164fad1d800 Exception <a 'java/lang/NoSuchMethodError'{0x0000000086853c00}: 'java.lang.Object java.lang.invoke.DelegatingMethodHandle$Holder.reinvoke_L(java.lang.Object, int, int, java.lang.Object, java.lang.Object, java.lang.Object)'> (0x0000000086853c00) thrown at [./src/hotspot/share/interpreter/linkResolver.cpp, line 773]
Event: 15.013 Thread 0x00000164fad1d800 Exception <a 'java/lang/NoSuchMethodError'{0x0000000085cc2fe0}: 'int java.lang.invoke.DirectMethodHandle$Holder.invokeInterface(java.lang.Object, java.lang.Object, java.lang.Object, java.lang.Object)'> (0x0000000085cc2fe0) thrown at [./src/hotspot/share/interpreter/linkResolver.cpp, line 773]
Event: 15.236 Thread 0x00000164fad1d800 Exception <a 'java/lang/NoSuchMethodError'{0x0000000084c1cf80}: 'void java.lang.invoke.DirectMethodHandle$Holder.invokeInterface(java.lang.Object, java.lang.Object, java.lang.Object, java.lang.Object)'> (0x0000000084c1cf80) thrown at [./src/hotspot/share/interpreter/linkResolver.cpp, line 773]
Event: 15.406 Thread 0x00000164fad1d800 Exception <a 'java/lang/IncompatibleClassChangeError'{0x0000000087864e48}: Found class java.lang.Object, but interface was expected> (0x0000000087864e48) thrown at [./src/hotspot/share/interpreter/linkResolver.cpp, line 839]
Event: 15.447 Thread 0x00000164fad1d800 Implicit null exception at 0x00000164e96604d4 to 0x00000164e96606b8
Event: 15.507 Thread 0x00000164fad1d800 Implicit null exception at 0x00000164e957a40d to 0x00000164e957a5fe
Event: 15.546 Thread 0x00000164fad1d800 Implicit null exception at 0x00000164e94c21ac to 0x00000164e94c235a

Events (20 events):
Event: 15.561 loading class sun/security/provider/certpath/X509CertPath
Event: 15.561 loading class java/security/cert/CertPath
Event: 15.561 loading class java/security/cert/CertPath done
Event: 15.561 loading class sun/security/provider/certpath/X509CertPath done
Event: 15.562 loading class sun/security/timestamp/TimestampToken
Event: 15.562 loading class sun/security/timestamp/TimestampToken done
Event: 15.562 loading class java/security/Timestamp
Event: 15.562 loading class java/security/Timestamp done
Event: 15.562 loading class java/security/interfaces/DSAPrivateKey
Event: 15.562 loading class java/security/interfaces/DSAPrivateKey done
Event: 15.562 loading class sun/security/provider/DSA$SHA1withDSA
Event: 15.563 loading class sun/security/provider/DSA
Event: 15.563 loading class sun/security/provider/DSA done
Event: 15.563 loading class sun/security/provider/DSA$SHA1withDSA done
Event: 15.563 loading class java/security/interfaces/DSAParams
Event: 15.563 loading class java/security/interfaces/DSAParams done
Event: 15.563 loading class java/security/spec/DSAParameterSpec
Event: 15.563 loading class java/security/spec/DSAParameterSpec done
Event: 15.565 loading class java/math/SignedMutableBigInteger
Event: 15.565 loading class java/math/SignedMutableBigInteger done


Dynamic libraries:
0x00007ff6f2ad0000 - 0x00007ff6f2ada000 	C:\Program Files\Android\Android Studio\jre\bin\java.exe
0x00007ffc5f6f0000 - 0x00007ffc5f8e8000 	C:\WINDOWS\SYSTEM32\ntdll.dll
0x00007ffc5e620000 - 0x00007ffc5e6dd000 	C:\WINDOWS\System32\KERNEL32.DLL
0x00007ffc5d1a0000 - 0x00007ffc5d46e000 	C:\WINDOWS\System32\KERNELBASE.dll
0x00007ffc5ce60000 - 0x00007ffc5cf60000 	C:\WINDOWS\System32\ucrtbase.dll
0x00007ffc1eb70000 - 0x00007ffc1eb89000 	C:\Program Files\Android\Android Studio\jre\bin\jli.dll
0x00007ffc1eb90000 - 0x00007ffc1eba7000 	C:\Program Files\Android\Android Studio\jre\bin\VCRUNTIME140.dll
0x00007ffc5f510000 - 0x00007ffc5f6b0000 	C:\WINDOWS\System32\USER32.dll
0x00007ffc5d0b0000 - 0x00007ffc5d0d2000 	C:\WINDOWS\System32\win32u.dll
0x00007ffc40b30000 - 0x00007ffc40dca000 	C:\WINDOWS\WinSxS\amd64_microsoft.windows.common-controls_6595b64144ccf1df_6.0.19041.1110_none_60b5254171f9507e\COMCTL32.dll
0x00007ffc5f050000 - 0x00007ffc5f07a000 	C:\WINDOWS\System32\GDI32.dll
0x00007ffc5eaa0000 - 0x00007ffc5eb3e000 	C:\WINDOWS\System32\msvcrt.dll
0x00007ffc5d4e0000 - 0x00007ffc5d5eb000 	C:\WINDOWS\System32\gdi32full.dll
0x00007ffc5cf60000 - 0x00007ffc5cffd000 	C:\WINDOWS\System32\msvcp_win.dll
0x00007ffc5f3b0000 - 0x00007ffc5f3e0000 	C:\WINDOWS\System32\IMM32.DLL
0x00007ffc1d660000 - 0x00007ffc1d6fd000 	C:\Program Files\Android\Android Studio\jre\bin\msvcp140.dll
0x00007ffbe13e0000 - 0x00007ffbe1ec5000 	C:\Program Files\Android\Android Studio\jre\bin\server\jvm.dll
0x00007ffc5dd70000 - 0x00007ffc5de1e000 	C:\WINDOWS\System32\ADVAPI32.dll
0x00007ffc5ef40000 - 0x00007ffc5efdc000 	C:\WINDOWS\System32\sechost.dll
0x00007ffc5f090000 - 0x00007ffc5f1b5000 	C:\WINDOWS\System32\RPCRT4.dll
0x00007ffc5f080000 - 0x00007ffc5f088000 	C:\WINDOWS\System32\PSAPI.DLL
0x00007ffc1f500000 - 0x00007ffc1f509000 	C:\WINDOWS\SYSTEM32\WSOCK32.dll
0x00007ffc43650000 - 0x00007ffc43677000 	C:\WINDOWS\SYSTEM32\WINMM.dll
0x00007ffc56f10000 - 0x00007ffc56f1a000 	C:\WINDOWS\SYSTEM32\VERSION.dll
0x00007ffc5efe0000 - 0x00007ffc5f04b000 	C:\WINDOWS\System32\WS2_32.dll
0x00007ffc5b690000 - 0x00007ffc5b6a2000 	C:\WINDOWS\SYSTEM32\kernel.appcore.dll
0x00007ffc1f4e0000 - 0x00007ffc1f4f1000 	C:\Program Files\Android\Android Studio\jre\bin\verify.dll
0x00007ffc5ac00000 - 0x00007ffc5ade4000 	C:\WINDOWS\SYSTEM32\DBGHELP.DLL
0x00007ffc3fec0000 - 0x00007ffc3feec000 	C:\WINDOWS\SYSTEM32\dbgcore.DLL
0x00007ffc5d0e0000 - 0x00007ffc5d162000 	C:\WINDOWS\System32\bcryptPrimitives.dll
0x00007ffc1f4b0000 - 0x00007ffc1f4d9000 	C:\Program Files\Android\Android Studio\jre\bin\java.dll
0x00007ffc1f4a0000 - 0x00007ffc1f4ab000 	C:\Program Files\Android\Android Studio\jre\bin\jimage.dll
0x00007ffc1f480000 - 0x00007ffc1f498000 	C:\Program Files\Android\Android Studio\jre\bin\zip.dll
0x00007ffc5de20000 - 0x00007ffc5e563000 	C:\WINDOWS\System32\SHELL32.dll
0x00007ffc5aee0000 - 0x00007ffc5b675000 	C:\WINDOWS\SYSTEM32\windows.storage.dll
0x00007ffc5e740000 - 0x00007ffc5ea94000 	C:\WINDOWS\System32\combase.dll
0x00007ffc5c870000 - 0x00007ffc5c8a0000 	C:\WINDOWS\SYSTEM32\Wldp.dll
0x00007ffc5f1c0000 - 0x00007ffc5f26d000 	C:\WINDOWS\System32\SHCORE.dll
0x00007ffc5ee00000 - 0x00007ffc5ee55000 	C:\WINDOWS\System32\shlwapi.dll
0x00007ffc5cd50000 - 0x00007ffc5cd6f000 	C:\WINDOWS\SYSTEM32\profapi.dll
0x00007ffc1f460000 - 0x00007ffc1f47a000 	C:\Program Files\Android\Android Studio\jre\bin\net.dll
0x00007ffc447b0000 - 0x00007ffc448ba000 	C:\WINDOWS\SYSTEM32\WINHTTP.dll
0x00007ffc5c5d0000 - 0x00007ffc5c63a000 	C:\WINDOWS\system32\mswsock.dll
0x00007ffbf5050000 - 0x00007ffbf5064000 	C:\Program Files\Android\Android Studio\jre\bin\nio.dll
0x00007ffc1ebb0000 - 0x00007ffc1ebd7000 	C:\Users\Saketh\StudioProjects\RecipeApp\native\e1d6ef7f7dcc3fd88c89a11ec53ec762bb8ba0a96d01ffa2cd45eb1d1d8dd5c5\windows-amd64\native-platform.dll
0x00007ffc1d510000 - 0x00007ffc1d654000 	C:\Users\Saketh\StudioProjects\RecipeApp\native\5664cfc778a61ccfe75a443a1ab52a65af34e5dc3c78e0209fed803814484fcb\windows-amd64\native-platform-file-events.dll
0x00007ffbf5040000 - 0x00007ffbf504a000 	C:\Program Files\Android\Android Studio\jre\bin\management.dll
0x00007ffbef340000 - 0x00007ffbef34d000 	C:\Program Files\Android\Android Studio\jre\bin\management_ext.dll
0x00007ffc5c7d0000 - 0x00007ffc5c7e8000 	C:\WINDOWS\SYSTEM32\CRYPTSP.dll
0x00007ffc5bee0000 - 0x00007ffc5bf14000 	C:\WINDOWS\system32\rsaenh.dll
0x00007ffc5d170000 - 0x00007ffc5d197000 	C:\WINDOWS\System32\bcrypt.dll
0x00007ffc5cd10000 - 0x00007ffc5cd3e000 	C:\WINDOWS\SYSTEM32\USERENV.dll
0x00007ffc5c7c0000 - 0x00007ffc5c7cc000 	C:\WINDOWS\SYSTEM32\CRYPTBASE.dll
0x00007ffc5c270000 - 0x00007ffc5c2ab000 	C:\WINDOWS\SYSTEM32\IPHLPAPI.DLL
0x00007ffc5eb40000 - 0x00007ffc5eb48000 	C:\WINDOWS\System32\NSI.dll
0x00007ffc55010000 - 0x00007ffc55027000 	C:\WINDOWS\SYSTEM32\dhcpcsvc6.DLL
0x00007ffc55910000 - 0x00007ffc5592d000 	C:\WINDOWS\SYSTEM32\dhcpcsvc.DLL
0x00007ffc5c2c0000 - 0x00007ffc5c38a000 	C:\WINDOWS\SYSTEM32\DNSAPI.dll

dbghelp: loaded successfully - version: 4.0.5 - missing functions: none
symbol engine: initialized successfully - sym options: 0x614 - pdb path: .;C:\Program Files\Android\Android Studio\jre\bin;C:\WINDOWS\SYSTEM32;C:\WINDOWS\WinSxS\amd64_microsoft.windows.common-controls_6595b64144ccf1df_6.0.19041.1110_none_60b5254171f9507e;C:\Program Files\Android\Android Studio\jre\bin\server;C:\Users\Saketh\StudioProjects\RecipeApp\native\e1d6ef7f7dcc3fd88c89a11ec53ec762bb8ba0a96d01ffa2cd45eb1d1d8dd5c5\windows-amd64;C:\Users\Saketh\StudioProjects\RecipeApp\native\5664cfc778a61ccfe75a443a1ab52a65af34e5dc3c78e0209fed803814484fcb\windows-amd64

VM Arguments:
jvm_args: --add-opens=java.base/java.util=ALL-UNNAMED --add-opens=java.base/java.lang=ALL-UNNAMED --add-opens=java.base/java.lang.invoke=ALL-UNNAMED --add-opens=java.base/java.util=ALL-UNNAMED --add-opens=java.prefs/java.util.prefs=ALL-UNNAMED --add-opens=java.prefs/java.util.prefs=ALL-UNNAMED --add-opens=java.base/java.nio.charset=ALL-UNNAMED --add-opens=java.base/java.net=ALL-UNNAMED --add-opens=java.base/java.util.concurrent.atomic=ALL-UNNAMED -Xmx2048m -Dfile.encoding=UTF-8 -Duser.country=IN -Duser.language=en -Duser.variant 
java_command: org.gradle.launcher.daemon.bootstrap.GradleDaemon 7.3.3
java_class_path (initial): C:\Users\Saketh\StudioProjects\RecipeApp\wrapper\dists\gradle-7.3.3-bin\6a41zxkdtcxs8rphpq6y0069z\gradle-7.3.3\lib\gradle-launcher-7.3.3.jar
Launcher Type: SUN_STANDARD

[Global flags]
     intx CICompilerCount                          = 4                                         {product} {ergonomic}
     uint ConcGCThreads                            = 2                                         {product} {ergonomic}
     uint G1ConcRefinementThreads                  = 8                                         {product} {ergonomic}
   size_t G1HeapRegionSize                         = 1048576                                   {product} {ergonomic}
    uintx GCDrainStackTargetSize                   = 64                                        {product} {ergonomic}
   size_t InitialHeapSize                          = 134217728                                 {product} {ergonomic}
   size_t MarkStackSize                            = 4194304                                   {product} {ergonomic}
   size_t MaxHeapSize                              = 2147483648                                {product} {command line}
   size_t MaxNewSize                               = 1287651328                                {product} {ergonomic}
   size_t MinHeapDeltaBytes                        = 1048576                                   {product} {ergonomic}
    uintx NonNMethodCodeHeapSize                   = 5836300                                {pd product} {ergonomic}
    uintx NonProfiledCodeHeapSize                  = 122910970                              {pd product} {ergonomic}
    uintx ProfiledCodeHeapSize                     = 122910970                              {pd product} {ergonomic}
    uintx ReservedCodeCacheSize                    = 251658240                              {pd product} {ergonomic}
     bool SegmentedCodeCache                       = true                                      {product} {ergonomic}
     bool UseCompressedClassPointers               = true                                 {lp64_product} {ergonomic}
     bool UseCompressedOops                        = true                                 {lp64_product} {ergonomic}
     bool UseG1GC                                  = true                                      {product} {ergonomic}
     bool UseLargePagesIndividualAllocation        = false                                  {pd product} {ergonomic}

Logging:
Log output configuration:
 #0: stdout all=warning uptime,level,tags
 #1: stderr all=off uptime,level,tags

Environment Variables:
PATH=C:\Program Files\Common Files\Oracle\Java\javapath;C:\windows\system32;C:\windows;C:\windows\System32\Wbem;C:\windows\System32\WindowsPowerShell\v1.0\;C:\windows\System32\OpenSSH\;C:\Program Files (x86)\NVIDIA Corporation\PhysX\Common;C:\WINDOWS\system32;C:\WINDOWS;C:\WINDOWS\System32\Wbem;C:\WINDOWS\System32\WindowsPowerShell\v1.0\;C:\WINDOWS\System32\OpenSSH\;C:\Program Files (x86)\nodejs\;C:\Program Files\Git\cmd;C:\Users\Saketh\AppData\Local\Programs\Python\Python37-32\Scripts\;C:\Users\Saketh\AppData\Local\Programs\Python\Python37-32\;C:\Program Files (x86)\Java\jdk1.5.0\bin;C:\Program Files\JetBrains\PyCharm Community Edition 2019.2\bin;C:\Users\Saketh\AppData\Local\Microsoft\WindowsApps;C:\Users\Saketh\AppData\Local\Microsoft\WindowsApps;F:\Visual Studio Code\Microsoft VS Code\bin;C:\Users\Saketh\AppData\Roaming\npm;C:\Program Files\MongoDB\Server\6.0\bin;C:\Program Files\MySQL\MySQL Shell 8.0\bin\;
USERNAME=Saketh
OS=Windows_NT
PROCESSOR_IDENTIFIER=Intel64 Family 6 Model 142 Stepping 10, GenuineIntel



---------------  S Y S T E M  ---------------

OS: Windows 10 , 64 bit Build 19041 (10.0.19041.1889)
OS uptime: 0 days 0:34 hours

CPU:total 8 (initial active 8) (4 cores per cpu, 2 threads per core) family 6 model 142 stepping 10 microcode 0xe0, cmov, cx8, fxsr, mmx, sse, sse2, sse3, ssse3, sse4.1, sse4.2, popcnt, avx, avx2, aes, clmul, erms, 3dnowpref, lzcnt, ht, tsc, tscinvbit, bmi1, bmi2, adx, fma

Memory: 4k page, system-wide physical 8103M (422M free)
TotalPageFile size 9127M (AvailPageFile size 5M)
current process WorkingSet (physical memory assigned to process): 338M, peak: 341M
current process commit charge ("private bytes"): 379M, peak: 382M

vm_info: OpenJDK 64-Bit Server VM (11.0.12+7-b1504.28-7817840) for windows-amd64 JRE (11.0.12+7-b1504.28-7817840), built on Oct 13 2021 22:12:33 by "builder" with MS VC++ 14.0 (VS2015)

END.
